<?xml version="1.0" encoding="UTF-8"?>
<!-- Generated by org.testng.reporters.JUnitReportReporter -->
<testsuite hostname="admin-PC" failures="0" tests="2" name="annotation.a1" time="0.011" errors="0" timestamp="2023-08-09T12:03:43 IST" skipped="0">
  <testcase classname="annotation.a1" name="t1" time="0.009"/>
  <testcase classname="annotation.a1" name="t2" time="0.002"/>
</testsuite> <!-- annotation.a1 -->
