<?xml version="1.0" encoding="UTF-8"?>
<!-- Generated by org.testng.reporters.JUnitReportReporter -->
<testsuite hostname="admin-PC" failures="0" tests="3" name="testng.t1" time="0.004" errors="0" timestamp="2023-08-09T12:03:43 IST" skipped="1">
  <testcase classname="testng.t1" name="m2" time="0.002"/>
  <testcase classname="testng.t1" name="ab" time="0.002"/>
  <testcase classname="testng.t1" name="m1">
    <skipped/>
  </testcase> <!-- m1 -->
</testsuite> <!-- testng.t1 -->
