<?xml version="1.0" encoding="UTF-8"?>
<!-- Generated by org.testng.reporters.JUnitReportReporter -->
<testsuite hostname="admin-PC" failures="0" tests="2" name="testingdepend.tesd" time="0.003" errors="0" timestamp="2023-08-09T12:03:43 IST" skipped="0">
  <testcase classname="testingdepend.tesd" name="visiting" time="0.001"/>
  <testcase classname="testingdepend.tesd" name="lg" time="0.002"/>
</testsuite> <!-- testingdepend.tesd -->
