<?xml version="1.0" encoding="UTF-8"?>
<!-- Generated by org.testng.reporters.JUnitReportReporter -->
<testsuite hostname="admin-PC" failures="0" tests="1" name="testngwaits.t4" time="6.676" errors="0" timestamp="2023-08-09T13:28:05 IST" skipped="0">
  <testcase classname="testngwaits.t4" name="hdy" time="6.676"/>
</testsuite> <!-- testngwaits.t4 -->
