<?xml version="1.0" encoding="UTF-8"?>
<!-- Generated by org.testng.reporters.JUnitReportReporter -->
<testsuite hostname="admin-PC" failures="0" tests="3" name="testingdepend.d2" time="0.004" errors="0" timestamp="2023-08-09T12:03:43 IST" skipped="0">
  <testcase classname="testingdepend.d2" name="l1" time="0.002"/>
  <testcase classname="testingdepend.d2" name="l2" time="0.001"/>
  <testcase classname="testingdepend.d2" name="h1" time="0.001"/>
</testsuite> <!-- testingdepend.d2 -->
