<?xml version="1.0" encoding="UTF-8"?>
<!-- Generated by org.testng.reporters.JUnitReportReporter -->
<testsuite hostname="admin-PC" failures="0" tests="3" name="dataprovider.d1" time="27.075" errors="0" timestamp="2023-08-17T09:30:39 IST" skipped="0">
  <testcase classname="dataprovider.d1" name="DataProvSampleTest" time="7.863"/>
  <testcase classname="dataprovider.d1" name="DataProvSampleTest" time="7.860"/>
  <testcase classname="dataprovider.d1" name="DataProvSampleTest" time="11.352"/>
</testsuite> <!-- dataprovider.d1 -->
