<?xml version="1.0" encoding="UTF-8"?>
<!-- Generated by org.testng.reporters.JUnitReportReporter -->
<testsuite hostname="admin-PC" failures="0" tests="1" name="time$t1" time="2.015" errors="0" timestamp="2023-08-09T12:03:43 IST" skipped="0">
  <testcase classname="time$t1" name="m1" time="2.015"/>
</testsuite> <!-- time$t1 -->
